Статистика за период 01/Nov/2024:12час - 01/Nov/2024:13час
Список IP адресов (с наибольшим кол-вом запросов)
с указанием кол-ва запросов c момента последнего запуска скрипта;
-------------------------------------------------------------------
     39 109.236.252.130
      3 35.220.141.147
      3 185.2.5.13
      3 164.132.96.137
Список запрашиваемых URL (с наибольшим кол-вом запросов)
с указанием кол-ва запросов c момента последнего запуска скрипта;
-------------------------------------------------------------------
      6 /wp-login.php
      3 /xmlrpc.php
      2 /wp-includes/js/wp-embed.min.js?ver=5.0.4
      2 /wp-content/uploads/2016/10/robo5.jpg
      2 /wp-content/uploads/2016/10/robo4.jpg
      2 /wp-content/uploads/2016/10/robo3.jpg
      2 /wp-content/uploads/2016/10/robo2.jpg
      2 /wp-content/uploads/2016/10/robo1.jpg
      2 /wp-content/uploads/2016/10/dc.jpg
      2 /wp-content/uploads/2016/10/aoc-1.jpg
Ошибки веб-сервера/приложения c момента последнего запуска;
-------------------------------------------------------------------
Список всех кодов HTTP ответа с указанием их кол-ва с момента последнего запуска скрипта.
-------------------------------------------------------------------
     11 301
     44 200
